// 重构日志: c50b0815
// 重构日志: 7cebc12f
// 重构日志: a1dcff06
// 重构日志: 699c1cf8
// 重构日志: 40a5ba5b
// 重构日志: 1cc788c1
// 重构日志: c3267448
// 重构日志: 4d1e351a
// 同步 ID: e772716c @ Wed Jul 15 06:18:11 UTC 2026
// 同步 ID: 51a5d8ba @ Wed Jul 15 15:32:53 UTC 2026
// 重构日志: 8bcc7dd2
// 同步 ID: 084345d2 @ Sat Jul 18 14:04:47 UTC 2026
// 同步 ID: 81072a71 @ Sat Jul 18 23:15:27 UTC 2026
// 重构日志: e60ffd94
// 同步 ID: a26b89be @ Sun Jul 19 06:40:19 UTC 2026
// 重构日志: 39861b86
// 重构日志: 710e1e70
// 重构日志: b3f2ef27
// 同步 ID: de960f84 @ Mon Jul 20 07:42:36 UTC 2026
// 重构日志: 335017e5
// 重构日志: 2d57067c
// 重构日志: 5d8e226c
// 同步 ID: 5c7fae58 @ Tue Jul 21 14:47:35 UTC 2026
// 重构日志: 6d338db5
// 重构日志: f9a92698
// 同步 ID: b1471227 @ Thu Jul 23 01:02:28 UTC 2026
// 重构日志: 7934ac8d
// 重构日志: dc290d0f
// 同步 ID: 6ba3619a @ Thu Jul 23 17:41:40 UTC 2026
// 同步 ID: 7277d73f @ Fri Jul 24 00:08:56 UTC 2026
// 重构日志: d88f8c99
